2021-12-24.12:31:40.459|A|START log
2021-12-24.12:31:40.460|A|Platform use LITTLE_ENDIAN coding
2021-12-24.12:31:40.460|A|Integer32 Type size is: 8
2021-12-24.12:31:40.460|A|Integer64 Type size is: 8
2021-12-24.12:31:40.460|A|Configuration data:
                       | |option_log_file  [../logs/sar-saa.server.log]
                       | |option_conf_file [../config/conf.server.xml]
                       | |option_dico_file [../config/base_cx.xml]
                       | |option_scen_file [../scenario/sar-saa.server.xml]
                       | |log_stat_file    [../logs/server-stat.csv]
                       | |option_log_level [ET]
                       | |option_bg_mode   [false]
                       | |call_rate        [0]
                       | |burst_limit      [0]
                       | |max_send         [2000]
                       | |max_receive      [2000]
                       | |select_timeout   [50]
                       | |max_simult_calls [2000]
                       | |call_timeout_ms  [10000]
                       | |msg_buffer_size  [4096]
                       | |display_period   [1]
                       | |log_stat_period  [1]
                       | |resp_time_repart [50,75,100,150,300,5000]
                       | |number_calls     [0]
                       | |notimelog        [false]
                       | |msg check        [false]
                       | |msg check mask   [P]
                       | |check behaviour  [warning]
                       | |call rate scale  [1]
                       | |model traffic    [best-effort]
                       | |external data file    [none]
                       | |external data select  [sequential]
2021-12-24.12:31:40.461|A|PID [2902]
2021-12-24.12:32:53.364|T|channel [channel-1] closed
2021-12-24.12:32:56.527|A|STOP  log
